<?xml version="1.0" encoding="UTF-8"?>
<coverage generated="1749690128911" clover="3.2.0">
  <project timestamp="1749690128911" name="All files">
    <metrics statements="14" coveredstatements="14" conditionals="12" coveredconditionals="12" methods="5" coveredmethods="5" elements="31" coveredelements="31" complexity="0" loc="14" ncloc="14" packages="1" files="2" classes="2"/>
    <file name="fizzbuzz.ts" path="C:\Users\hayz1\OneDrive\Desktop\tddFizzbuzz\src\fizzbuzz.ts">
      <metrics statements="12" coveredstatements="12" conditionals="12" coveredconditionals="12" methods="3" coveredmethods="3"/>
      <line num="14" count="15" type="stmt"/>
      <line num="16" count="15" type="cond" truecount="2" falsecount="0"/>
      <line num="17" count="15" type="cond" truecount="2" falsecount="0"/>
      <line num="19" count="15" type="cond" truecount="4" falsecount="0"/>
      <line num="20" count="4" type="stmt"/>
      <line num="23" count="11" type="cond" truecount="2" falsecount="0"/>
      <line num="24" count="5" type="stmt"/>
      <line num="27" count="6" type="cond" truecount="2" falsecount="0"/>
      <line num="28" count="4" type="stmt"/>
      <line num="31" count="2" type="stmt"/>
      <line num="38" count="30" type="stmt"/>
      <line num="45" count="21" type="stmt"/>
    </file>
    <file name="systemUnderTest.ts" path="C:\Users\hayz1\OneDrive\Desktop\tddFizzbuzz\src\systemUnderTest.ts">
      <metrics statements="2" coveredstatements="2" conditionals="0" coveredconditionals="0" methods="2" coveredmethods="2"/>
      <line num="4" count="1" type="stmt"/>
      <line num="5" count="1" type="stmt"/>
    </file>
  </project>
</coverage>
