{"C:\\Users\\hayz1\\OneDrive\\Desktop\\tddFizzbuzz\\src\\fizzbuzz.ts": {"path":"C:\\Users\\hayz1\\OneDrive\\Desktop\\tddFizzbuzz\\src\\fizzbuzz.ts","statementMap":{"0":{"start":{"line":14,"column":25},"end":{"line":14,"column":37}},"1":{"start":{"line":16,"column":26},"end":{"line":16,"column":82}},"2":{"start":{"line":17,"column":26},"end":{"line":17,"column":82}},"3":{"start":{"line":19,"column":2},"end":{"line":21,"column":3}},"4":{"start":{"line":20,"column":4},"end":{"line":20,"column":22}},"5":{"start":{"line":23,"column":2},"end":{"line":25,"column":3}},"6":{"start":{"line":24,"column":4},"end":{"line":24,"column":18}},"7":{"start":{"line":27,"column":2},"end":{"line":29,"column":3}},"8":{"start":{"line":28,"column":4},"end":{"line":28,"column":18}},"9":{"start":{"line":31,"column":2},"end":{"line":31,"column":24}},"10":{"start":{"line":38,"column":2},"end":{"line":38,"column":32}},"11":{"start":{"line":45,"column":2},"end":{"line":45,"column":29}}},"fnMap":{"0":{"name":"fizzBuzz","decl":{"start":{"line":13,"column":16},"end":{"line":13,"column":24}},"loc":{"start":{"line":13,"column":44},"end":{"line":32,"column":1}},"line":13},"1":{"name":"isMultipleOf","decl":{"start":{"line":37,"column":9},"end":{"line":37,"column":21}},"loc":{"start":{"line":37,"column":64},"end":{"line":39,"column":1}},"line":37},"2":{"name":"containsDigit","decl":{"start":{"line":44,"column":9},"end":{"line":44,"column":22}},"loc":{"start":{"line":44,"column":60},"end":{"line":46,"column":1}},"line":44}},"branchMap":{"0":{"loc":{"start":{"line":16,"column":26},"end":{"line":16,"column":82}},"type":"binary-expr","locations":[{"start":{"line":16,"column":26},"end":{"line":16,"column":44}},{"start":{"line":16,"column":48},"end":{"line":16,"column":82}}],"line":16},"1":{"loc":{"start":{"line":17,"column":26},"end":{"line":17,"column":82}},"type":"binary-expr","locations":[{"start":{"line":17,"column":26},"end":{"line":17,"column":44}},{"start":{"line":17,"column":48},"end":{"line":17,"column":82}}],"line":17},"2":{"loc":{"start":{"line":19,"column":2},"end":{"line":21,"column":3}},"type":"if","locations":[{"start":{"line":19,"column":2},"end":{"line":21,"column":3}},{"start":{"line":19,"column":2},"end":{"line":21,"column":3}}],"line":19},"3":{"loc":{"start":{"line":19,"column":6},"end":{"line":19,"column":40}},"type":"binary-expr","locations":[{"start":{"line":19,"column":6},"end":{"line":19,"column":21}},{"start":{"line":19,"column":25},"end":{"line":19,"column":40}}],"line":19},"4":{"loc":{"start":{"line":23,"column":2},"end":{"line":25,"column":3}},"type":"if","locations":[{"start":{"line":23,"column":2},"end":{"line":25,"column":3}},{"start":{"line":23,"column":2},"end":{"line":25,"column":3}}],"line":23},"5":{"loc":{"start":{"line":27,"column":2},"end":{"line":29,"column":3}},"type":"if","locations":[{"start":{"line":27,"column":2},"end":{"line":29,"column":3}},{"start":{"line":27,"column":2},"end":{"line":29,"column":3}}],"line":27}},"s":{"0":15,"1":15,"2":15,"3":15,"4":4,"5":11,"6":5,"7":6,"8":4,"9":2,"10":30,"11":21},"f":{"0":15,"1":30,"2":21},"b":{"0":[15,11],"1":[15,10],"2":[4,11],"3":[15,9],"4":[5,6],"5":[4,2]},"_coverageSchema":"1a1c01bbd47fc00a2c39e90264f33305004495a9","hash":"cff44f8d309b76e157d5d6773945e2015f0ce1bc"}
,"C:\\Users\\hayz1\\OneDrive\\Desktop\\tddFizzbuzz\\src\\systemUnderTest.ts": {"path":"C:\\Users\\hayz1\\OneDrive\\Desktop\\tddFizzbuzz\\src\\systemUnderTest.ts","statementMap":{"0":{"start":{"line":4,"column":17},"end":{"line":6,"column":5}},"1":{"start":{"line":5,"column":8},"end":{"line":5,"column":30}}},"fnMap":{"0":{"name":"(anonymous_0)","decl":{"start":{"line":2,"column":4},"end":{"line":2,"column":5}},"loc":{"start":{"line":2,"column":18},"end":{"line":3,"column":5}},"line":2},"1":{"name":"(anonymous_1)","decl":{"start":{"line":4,"column":17},"end":{"line":4,"column":18}},"loc":{"start":{"line":4,"column":35},"end":{"line":6,"column":5}},"line":4}},"branchMap":{},"s":{"0":1,"1":1},"f":{"0":1,"1":1},"b":{},"_coverageSchema":"1a1c01bbd47fc00a2c39e90264f33305004495a9","hash":"fe6eb1d3b9f0be969f12b88ab757265b39451816"}
}
