TN:
SF:src\fizzbuzz.ts
FN:13,fizzBuzz
FN:37,isMultipleOf
FN:44,containsDigit
FNF:3
FNH:3
FNDA:15,fizzBuzz
FNDA:30,isMultipleOf
FNDA:21,containsDigit
DA:14,15
DA:16,15
DA:17,15
DA:19,15
DA:20,4
DA:23,11
DA:24,5
DA:27,6
DA:28,4
DA:31,2
DA:38,30
DA:45,21
LF:12
LH:12
BRDA:16,0,0,15
BRDA:16,0,1,11
BRDA:17,1,0,15
BRDA:17,1,1,10
BRDA:19,2,0,4
BRDA:19,2,1,11
BRDA:19,3,0,15
BRDA:19,3,1,9
BRDA:23,4,0,5
BRDA:23,4,1,6
BRDA:27,5,0,4
BRDA:27,5,1,2
BRF:12
BRH:12
end_of_record
TN:
SF:src\systemUnderTest.ts
FN:2,(anonymous_0)
FN:4,(anonymous_1)
FNF:2
FNH:2
FNDA:1,(anonymous_0)
FNDA:1,(anonymous_1)
DA:4,1
DA:5,1
LF:2
LH:2
BRF:0
BRH:0
end_of_record
